<?xml version="1.0" encoding="UTF-8"?>
<!-- Generated by org.testng.reporters.JUnitReportReporter -->
<testsuite name="MavenTest.MavanTest.AppTest" tests="1" time="0.027" ignored="0" failures="0" timestamp="17 Apr 2018 01:14:26 GMT" skipped="0" hostname="DESKTOP-KLUMKP1" errors="0">
  <testcase name="shouldAnswerWithTrue" time="0.027" classname="MavenTest.MavanTest.AppTest"/>
</testsuite> <!-- MavenTest.MavanTest.AppTest -->
